c:\users\dalm3\onedrive\바탕 화면\etc\강의\인프\soctalk_prototype\server\server\debug\vc142.pdb
c:\users\dalm3\onedrive\바탕 화면\etc\강의\인프\soctalk_prototype\server\server\debug\vc142.idb
c:\users\dalm3\onedrive\바탕 화면\etc\강의\인프\soctalk_prototype\server\server\debug\소스.obj
c:\users\dalm3\onedrive\바탕 화면\etc\강의\인프\soctalk_prototype\server\server\debug\main.obj
c:\users\dalm3\onedrive\바탕 화면\etc\강의\인프\soctalk_prototype\server\debug\server.exe
c:\users\dalm3\onedrive\바탕 화면\etc\강의\인프\soctalk_prototype\server\server\debug\server.ilk
c:\users\dalm3\onedrive\바탕 화면\etc\강의\인프\soctalk_prototype\server\debug\server.pdb
c:\users\dalm3\source\repos\server\debug\server.exe
c:\users\dalm3\source\repos\server\server\debug\server.ilk
c:\users\dalm3\source\repos\server\debug\server.pdb
c:\users\dalm3\source\repos\server\server\debug\소스.obj
c:\users\dalm3\source\repos\server\server\debug\main.obj.enc
c:\users\dalm3\source\repos\server\server\debug\vc142.idb
c:\users\dalm3\source\repos\server\server\debug\vc142.pdb
c:\users\dalm3\source\repos\server\server\debug\server.tlog\cl.command.1.tlog
c:\users\dalm3\source\repos\server\server\debug\server.tlog\cl.read.1.tlog
c:\users\dalm3\source\repos\server\server\debug\server.tlog\cl.write.1.tlog
c:\users\dalm3\source\repos\server\server\debug\server.tlog\link.command.1.tlog
c:\users\dalm3\source\repos\server\server\debug\server.tlog\link.read.1.tlog
c:\users\dalm3\source\repos\server\server\debug\server.tlog\link.write.1.tlog
